Determining if the pthread_create exist failed with the following output:
Change Dir: /home/fedi/real_time_embedded_systems_course/week_1/RT_Generic_Sequencers /cmake-build-debug/CMakeFiles/CMakeTmp

Run Build Command:"/usr/bin/make" "cmTC_c28ed/fast"
/usr/bin/make -f CMakeFiles/cmTC_c28ed.dir/build.make CMakeFiles/cmTC_c28ed.dir/build
make[1]: Entering directory '/home/fedi/real_time_embedded_systems_course/week_1/RT_Generic_Sequencers /cmake-build-debug/CMakeFiles/CMakeTmp'
Building C object CMakeFiles/cmTC_c28ed.dir/CheckSymbolExists.c.o
/usr/bin/cc   -std=gnu11 -o CMakeFiles/cmTC_c28ed.dir/CheckSymbolExists.c.o   -c "/home/fedi/real_time_embedded_systems_course/week_1/RT_Generic_Sequencers /cmake-build-debug/CMakeFiles/CMakeTmp/CheckSymbolExists.c"
Linking C executable cmTC_c28ed
/usr/bin/cmake -E cmake_link_script CMakeFiles/cmTC_c28ed.dir/link.txt --verbose=1
/usr/bin/cc      CMakeFiles/cmTC_c28ed.dir/CheckSymbolExists.c.o  -o cmTC_c28ed 
CMakeFiles/cmTC_c28ed.dir/CheckSymbolExists.c.o: In function `main':
CheckSymbolExists.c:(.text+0x14): undefined reference to `pthread_create'
CheckSymbolExists.c:(.text+0x18): undefined reference to `pthread_create'
collect2: error: ld returned 1 exit status
CMakeFiles/cmTC_c28ed.dir/build.make:97: recipe for target 'cmTC_c28ed' failed
make[1]: *** [cmTC_c28ed] Error 1
make[1]: Leaving directory '/home/fedi/real_time_embedded_systems_course/week_1/RT_Generic_Sequencers /cmake-build-debug/CMakeFiles/CMakeTmp'
Makefile:126: recipe for target 'cmTC_c28ed/fast' failed
make: *** [cmTC_c28ed/fast] Error 2

File /home/fedi/real_time_embedded_systems_course/week_1/RT_Generic_Sequencers /cmake-build-debug/CMakeFiles/CMakeTmp/CheckSymbolExists.c:
/* */
#include <pthread.h>

int main(int argc, char** argv)
{
  (void)argv;
#ifndef pthread_create
  return ((int*)(&pthread_create))[argc];
#else
  (void)argc;
  return 0;
#endif
}

Determining if the function pthread_create exists in the pthreads failed with the following output:
Change Dir: /home/fedi/real_time_embedded_systems_course/week_1/RT_Generic_Sequencers /cmake-build-debug/CMakeFiles/CMakeTmp

Run Build Command:"/usr/bin/make" "cmTC_e3d8a/fast"
/usr/bin/make -f CMakeFiles/cmTC_e3d8a.dir/build.make CMakeFiles/cmTC_e3d8a.dir/build
make[1]: Entering directory '/home/fedi/real_time_embedded_systems_course/week_1/RT_Generic_Sequencers /cmake-build-debug/CMakeFiles/CMakeTmp'
Building C object CMakeFiles/cmTC_e3d8a.dir/CheckFunctionExists.c.o
/usr/bin/cc   -DCHECK_FUNCTION_EXISTS=pthread_create   -std=gnu11 -o CMakeFiles/cmTC_e3d8a.dir/CheckFunctionExists.c.o   -c /usr/share/cmake-3.10/Modules/CheckFunctionExists.c
Linking C executable cmTC_e3d8a
/usr/bin/cmake -E cmake_link_script CMakeFiles/cmTC_e3d8a.dir/link.txt --verbose=1
/usr/bin/cc  -DCHECK_FUNCTION_EXISTS=pthread_create    CMakeFiles/cmTC_e3d8a.dir/CheckFunctionExists.c.o  -o cmTC_e3d8a -lpthreads 
/usr/bin/ld: cannot find -lpthreads
collect2: error: ld returned 1 exit status
CMakeFiles/cmTC_e3d8a.dir/build.make:97: recipe for target 'cmTC_e3d8a' failed
make[1]: *** [cmTC_e3d8a] Error 1
make[1]: Leaving directory '/home/fedi/real_time_embedded_systems_course/week_1/RT_Generic_Sequencers /cmake-build-debug/CMakeFiles/CMakeTmp'
Makefile:126: recipe for target 'cmTC_e3d8a/fast' failed
make: *** [cmTC_e3d8a/fast] Error 2


