Determining if the pthread_create exist failed with the following output:
Change Dir: /tmp/tmp.x82NTIse0s/cmake-build-debug/CMakeFiles/CMakeTmp

Run Build Command:"/usr/bin/make" "cmTC_04e3d/fast"
/usr/bin/make -f CMakeFiles/cmTC_04e3d.dir/build.make CMakeFiles/cmTC_04e3d.dir/build
make[1]: Entering directory '/tmp/tmp.x82NTIse0s/cmake-build-debug/CMakeFiles/CMakeTmp'
Building C object CMakeFiles/cmTC_04e3d.dir/CheckSymbolExists.c.o
/usr/bin/cc   -std=gnu11 -o CMakeFiles/cmTC_04e3d.dir/CheckSymbolExists.c.o   -c /tmp/tmp.x82NTIse0s/cmake-build-debug/CMakeFiles/CMakeTmp/CheckSymbolExists.c
Linking C executable cmTC_04e3d
/usr/bin/cmake -E cmake_link_script CMakeFiles/cmTC_04e3d.dir/link.txt --verbose=1
/usr/bin/cc      CMakeFiles/cmTC_04e3d.dir/CheckSymbolExists.c.o  -o cmTC_04e3d 
CMakeFiles/cmTC_04e3d.dir/CheckSymbolExists.c.o: In function `main':
CheckSymbolExists.c:(.text+0x14): undefined reference to `pthread_create'
CheckSymbolExists.c:(.text+0x18): undefined reference to `pthread_create'
collect2: error: ld returned 1 exit status
CMakeFiles/cmTC_04e3d.dir/build.make:97: recipe for target 'cmTC_04e3d' failed
make[1]: *** [cmTC_04e3d] Error 1
make[1]: Leaving directory '/tmp/tmp.x82NTIse0s/cmake-build-debug/CMakeFiles/CMakeTmp'
Makefile:126: recipe for target 'cmTC_04e3d/fast' failed
make: *** [cmTC_04e3d/fast] Error 2

File /tmp/tmp.x82NTIse0s/cmake-build-debug/CMakeFiles/CMakeTmp/CheckSymbolExists.c:
/* */
#include <pthread.h>

int main(int argc, char** argv)
{
  (void)argv;
#ifndef pthread_create
  return ((int*)(&pthread_create))[argc];
#else
  (void)argc;
  return 0;
#endif
}

Determining if the function pthread_create exists in the pthreads failed with the following output:
Change Dir: /tmp/tmp.x82NTIse0s/cmake-build-debug/CMakeFiles/CMakeTmp

Run Build Command:"/usr/bin/make" "cmTC_d6797/fast"
/usr/bin/make -f CMakeFiles/cmTC_d6797.dir/build.make CMakeFiles/cmTC_d6797.dir/build
make[1]: Entering directory '/tmp/tmp.x82NTIse0s/cmake-build-debug/CMakeFiles/CMakeTmp'
Building C object CMakeFiles/cmTC_d6797.dir/CheckFunctionExists.c.o
/usr/bin/cc   -DCHECK_FUNCTION_EXISTS=pthread_create   -std=gnu11 -o CMakeFiles/cmTC_d6797.dir/CheckFunctionExists.c.o   -c /usr/share/cmake-3.10/Modules/CheckFunctionExists.c
Linking C executable cmTC_d6797
/usr/bin/cmake -E cmake_link_script CMakeFiles/cmTC_d6797.dir/link.txt --verbose=1
/usr/bin/cc  -DCHECK_FUNCTION_EXISTS=pthread_create    CMakeFiles/cmTC_d6797.dir/CheckFunctionExists.c.o  -o cmTC_d6797 -lpthreads 
/usr/bin/ld: cannot find -lpthreads
collect2: error: ld returned 1 exit status
CMakeFiles/cmTC_d6797.dir/build.make:97: recipe for target 'cmTC_d6797' failed
make[1]: *** [cmTC_d6797] Error 1
make[1]: Leaving directory '/tmp/tmp.x82NTIse0s/cmake-build-debug/CMakeFiles/CMakeTmp'
Makefile:126: recipe for target 'cmTC_d6797/fast' failed
make: *** [cmTC_d6797/fast] Error 2


